<?xml version="1.0" encoding="UTF-8"?>
<!-- Generated by org.testng.reporters.JUnitXMLReporter -->
<testsuite ignored="2" hostname="DESKTOP-4T7HNED" failures="0" tests="1" name="Test" time="148.871" errors="0" timestamp="2023-07-12T08:16:17 IST">
  <testcase classname="com.testcases.MainTest" name="test" time="49.52"/>
  <testcase classname="com.base.Base" name="@BeforeTest setup" time="0.0">
    <ignored/>
  </testcase> <!-- @BeforeTest setup -->
  <testcase classname="com.base.Base" name="@AfterTest teardown" time="0.0">
    <ignored/>
  </testcase> <!-- @AfterTest teardown -->
</testsuite> <!-- Test -->
