<?xml version="1.0" encoding="UTF-8"?>
<testng-results ignored="2" total="3" passed="1" failed="0" skipped="0">
  <reporter-output>
  </reporter-output>
  <suite started-at="2023-07-12T08:13:48 IST" name="Suite" finished-at="2023-07-12T08:16:17 IST" duration-ms="148871">
    <groups>
    </groups>
    <test started-at="2023-07-12T08:13:48 IST" name="Test" finished-at="2023-07-12T08:16:17 IST" duration-ms="148871">
      <class name="com.testcases.MainTest">
        <test-method is-config="true" signature="setup()[pri:0, instance:com.testcases.MainTest@16ec5519]" started-at="2023-07-12T08:13:48 IST" name="setup" finished-at="2023-07-12T08:15:27 IST" duration-ms="99075" status="PASS">
          <reporter-output>
          </reporter-output>
        </test-method> <!-- setup -->
        <test-method signature="test()[pri:0, instance:com.testcases.MainTest@16ec5519]" started-at="2023-07-12T08:15:27 IST" name="test" finished-at="2023-07-12T08:16:16 IST" duration-ms="49520" status="PASS">
          <reporter-output>
          </reporter-output>
        </test-method> <!-- test -->
        <test-method is-config="true" signature="teardown()[pri:0, instance:com.testcases.MainTest@16ec5519]" started-at="2023-07-12T08:16:16 IST" name="teardown" finished-at="2023-07-12T08:16:17 IST" duration-ms="210" status="PASS">
          <reporter-output>
          </reporter-output>
        </test-method> <!-- teardown -->
      </class> <!-- com.testcases.MainTest -->
    </test> <!-- Test -->
  </suite> <!-- Suite -->
</testng-results>
